#
# A fatal error has been detected by the Java Runtime Environment:
#
#  EXCEPTION_ACCESS_VIOLATION (0xc0000005) at pc=0x00007ffd05b96407, pid=21044, tid=36324
#
# JRE version: Java(TM) SE Runtime Environment (17.0.7+8) (build 17.0.7+8-LTS-224)
# Java VM: Java HotSpot(TM) 64-Bit Server VM (17.0.7+8-LTS-224, mixed mode, sharing, tiered, compressed oops, compressed class ptrs, g1 gc, windows-amd64)
# Problematic frame:
# C  [glass.dll+0x26407]
#
# No core dump will be written. Minidumps are not enabled by default on client versions of Windows
#
# If you would like to submit a bug report, please visit:
#   https://bugreport.java.com/bugreport/crash.jsp
#

---------------  S U M M A R Y ------------

Command Line: -javaagent:C:\Program Files\JetBrains\IntelliJ IDEA Community Edition 2023.2.1\lib\idea_rt.jar=60357:C:\Program Files\JetBrains\IntelliJ IDEA Community Edition 2023.2.1\bin -Dfile.encoding=UTF-8 --module-path=C:\Users\Frenz R\.m2\repository\com\mysql\mysql-connector-j\8.3.0\mysql-connector-j-8.3.0.jar;C:\Users\Frenz R\.m2\repository\org\openjfx\javafx-controls\17.0.6\javafx-controls-17.0.6-win.jar;C:\Users\Frenz R\.m2\repository\org\openjfx\javafx-graphics\20.0.1\javafx-graphics-20.0.1-win.jar;C:\Users\Frenz R\IdeaProjects\RC_Chat\target\classes;C:\Users\Frenz R\.m2\repository\org\openjfx\javafx-fxml\17.0.6\javafx-fxml-17.0.6-win.jar;C:\Users\Frenz R\.m2\repository\org\openjfx\javafx-base\20.0.1\javafx-base-20.0.1-win.jar -Djdk.module.main=com.example.rc_chat com.example.rc_chat/com.example.rc_chat.RC_Chat

Host: AMD Ryzen 7 5700U with Radeon Graphics         , 16 cores, 15G,  Windows 11 , 64 bit Build 22621 (10.0.22621.3374)
Time: Mon May 27 22:47:02 2024 Malay Peninsula Standard Time elapsed time: 27.164095 seconds (0d 0h 0m 27s)

---------------  T H R E A D  ---------------

Current thread (0x000001fb34c69940):  VMThread "VM Thread" [stack: 0x000000f181100000,0x000000f181200000] [id=36324]

Stack: [0x000000f181100000,0x000000f181200000],  sp=0x000000f1811ff150,  free space=1020k
Native frames: (J=compiled Java code, j=interpreted, Vv=VM code, C=native code)
C  [glass.dll+0x26407]


siginfo: EXCEPTION_ACCESS_VIOLATION (0xc0000005), reading address 0x0000000000000000


Register to memory mapping:

RIP=0x00007ffd05b96407 glass.dll
RAX=0x0 is NULL
RBX=0x000001fb34c78a08 is a global jni handle
RCX=0x000001fb34c69940 points into unknown readable memory: 0x00007ffca2c85a58 | 58 5a c8 a2 fc 7f 00 00
RDX=0x000000f1811ff150 points into unknown readable memory: 0x0000000000000000 | 00 00 00 00 00 00 00 00
RSP=0x000000f1811ff150 points into unknown readable memory: 0x0000000000000000 | 00 00 00 00 00 00 00 00
RBP=0x000001fb36333268 points into unknown readable memory: 0x0000971c6bf889d6 | d6 89 f8 6b 1c 97 00 00
RSI=0x000000f1811ff258 points into unknown readable memory: 0x000000f1811ff240 | 40 f2 1f 81 f1 00 00 00
RDI=0x000001fb36333240 points into unknown readable memory: 0xff41f9527df889c9 | c9 89 f8 7d 52 f9 41 ff
R8 =0x0000000000010002 is an unknown value
R9 =0x000001fb36333240 points into unknown readable memory: 0xff41f9527df889c9 | c9 89 f8 7d 52 f9 41 ff
R10=0x85f13e9656da4870 is an unknown value
R11=0x000000f1811ff0e0 points into unknown readable memory: 0x000001fb36333240 | 40 32 33 36 fb 01 00 00
R12=0x00007ffd05b93d40 glass.dll
R13=0x00007ffca2e40090 jvm.dll
R14=0x0000971c6bf889d6 is an unknown value
R15=0x000001fb36333240 points into unknown readable memory: 0xff41f9527df889c9 | c9 89 f8 7d 52 f9 41 ff


Registers:
RAX=0x0000000000000000, RBX=0x000001fb34c78a08, RCX=0x000001fb34c69940, RDX=0x000000f1811ff150
RSP=0x000000f1811ff150, RBP=0x000001fb36333268, RSI=0x000000f1811ff258, RDI=0x000001fb36333240
R8 =0x0000000000010002, R9 =0x000001fb36333240, R10=0x85f13e9656da4870, R11=0x000000f1811ff0e0
R12=0x00007ffd05b93d40, R13=0x00007ffca2e40090, R14=0x0000971c6bf889d6, R15=0x000001fb36333240
RIP=0x00007ffd05b96407, EFLAGS=0x0000000000010206

Top of Stack: (sp=0x000000f1811ff150)
0x000000f1811ff150:   0000000000000000 000000f1811ff258
0x000000f1811ff160:   00007ffca2e40090 00007ffd05b93d40
0x000000f1811ff170:   000001fb36333248 00007ffd18873a53
0x000000f1811ff180:   000001fb36333240 000001fb00000000
0x000000f1811ff190:   000001fb36333268 000000f1811ff258
0x000000f1811ff1a0:   fffffffffffffffe 0000000000000000
0x000000f1811ff1b0:   0000000000000001 00007ffd05b70000
0x000000f1811ff1c0:   000000f1811ff248 00007ffd1884042e
0x000000f1811ff1d0:   0000000000000000 000000f1811ff258
0x000000f1811ff1e0:   000000f1811ff540 0000000000000001
0x000000f1811ff1f0:   0000000000000001 00007ffd1883dddd
0x000000f1811ff200:   0000000000000000 00007ffd05b93539
0x000000f1811ff210:   000000f1811ff540 000000f1811ff248
0x000000f1811ff220:   fffffffffffffffe 00007ffd17090000
0x000000f1811ff230:   000001fb3b1c40c8 00007ffd05b93bcd
0x000000f1811ff240:   00007ffd05ba9f88 00007ffd00000002 

Instructions: (pc=0x00007ffd05b96407)
0x00007ffd05b96307:   8b 4d 58 e8 7d cf ff ff 48 8b 4d 60 e8 74 cf ff
0x00007ffd05b96317:   ff 48 8b 95 80 00 00 00 48 8b 8d 18 01 00 00 e8
0x00007ffd05b96327:   66 c4 ff ff 33 d2 33 c9 e8 bc e1 ff ff 90 48 89
0x00007ffd05b96337:   54 24 10 55 48 83 ec 20 48 8b ea 48 b8 00 00 00
0x00007ffd05b96347:   00 00 00 00 00 48 83 c4 20 5d c3 cc 40 55 48 8b
0x00007ffd05b96357:   ea 48 8b 01 33 c9 81 38 05 00 00 c0 0f 94 c1 8b
0x00007ffd05b96367:   c1 5d c3 cc 40 55 48 83 ec 20 48 8b ea 8a 4d 40
0x00007ffd05b96377:   48 83 c4 20 5d e9 63 d3 ff ff cc 40 55 48 83 ec
0x00007ffd05b96387:   20 48 8b ea 8a 4d 20 e8 51 d3 ff ff 90 48 83 c4
0x00007ffd05b96397:   20 5d c3 cc 40 55 48 83 ec 20 48 8b ea 48 83 c4
0x00007ffd05b963a7:   20 5d e9 b2 d1 ff ff cc 40 55 48 83 ec 30 48 8b
0x00007ffd05b963b7:   ea 48 8b 01 8b 10 48 89 4c 24 28 89 54 24 20 4c
0x00007ffd05b963c7:   8d 0d 53 d6 ff ff 4c 8b 45 70 8b 55 68 48 8b 4d
0x00007ffd05b963d7:   60 e8 f3 d0 ff ff 90 48 83 c4 30 5d c3 cc cc cc
0x00007ffd05b963e7:   cc cc cc cc cc cc cc cc cc 40 53 48 83 ec 20 48
0x00007ffd05b963f7:   8b 1d 8b 35 01 00 48 85 db 74 16 e8 79 8b ff ff
0x00007ffd05b96407:   4c 8b 00 48 8b d3 48 8b c8 41 ff 90 b0 00 00 00
0x00007ffd05b96417:   90 48 83 c4 20 5b c3 cc cc 40 53 48 83 ec 20 48
0x00007ffd05b96427:   8b 1d fb 36 01 00 48 85 db 74 57 b8 ff ff ff ff
0x00007ffd05b96437:   f0 0f c1 43 10 83 f8 01 75 3d 48 85 db 74 38 48
0x00007ffd05b96447:   8b 0b 48 85 c9 74 0d ff 15 54 0e 00 00 48 c7 03
0x00007ffd05b96457:   00 00 00 00 48 8b 4b 08 48 85 c9 74 0d e8 23 ce
0x00007ffd05b96467:   ff ff 48 c7 43 08 00 00 00 00 ba 18 00 00 00 48
0x00007ffd05b96477:   8b cb e8 0e ce ff ff 48 c7 05 9f 36 01 00 00 00
0x00007ffd05b96487:   00 00 48 83 c4 20 5b c3 cc 40 53 48 83 ec 20 48
0x00007ffd05b96497:   8b 1d 6b 36 01 00 48 85 db 74 57 b8 ff ff ff ff
0x00007ffd05b964a7:   f0 0f c1 43 10 83 f8 01 75 3d 48 85 db 74 38 48
0x00007ffd05b964b7:   8b 0b 48 85 c9 74 0d ff 15 e4 0d 00 00 48 c7 03
0x00007ffd05b964c7:   00 00 00 00 48 8b 4b 08 48 85 c9 74 0d e8 b3 cd
0x00007ffd05b964d7:   ff ff 48 c7 43 08 00 00 00 00 ba 18 00 00 00 48
0x00007ffd05b964e7:   8b cb e8 9e cd ff ff 48 c7 05 0f 36 01 00 00 00
0x00007ffd05b964f7:   00 00 48 83 c4 20 5b c3 cc 40 53 48 83 ec 20 48 


Stack slot to memory mapping:
stack at sp + 0 slots: 0x0 is NULL
stack at sp + 1 slots: 0x000000f1811ff258 points into unknown readable memory: 0x000000f1811ff240 | 40 f2 1f 81 f1 00 00 00
stack at sp + 2 slots: 0x00007ffca2e40090 jvm.dll
stack at sp + 3 slots: 0x00007ffd05b93d40 glass.dll
stack at sp + 4 slots: 0x000001fb36333248 points into unknown readable memory: 0x0000971c6bf889d6 | d6 89 f8 6b 1c 97 00 00
stack at sp + 5 slots: 0x00007ffd18873a53 ucrtbase.dll
stack at sp + 6 slots: 0x000001fb36333240 points into unknown readable memory: 0xff41f9527df889c9 | c9 89 f8 7d 52 f9 41 ff
stack at sp + 7 slots: 0x000001fb00000000 is an unknown value

VM_Operation (0x000000f181bff500): Exit, mode: safepoint, requested by thread 0x000001fb3b7f7f50


---------------  P R O C E S S  ---------------

Threads class SMR info:
_java_thread_list=0x000001fb3b08df10, length=21, elements={
0x000001fb34c6d740, 0x000001fb34c6e2c0, 0x000001fb34c7e570, 0x000001fb35801090,
0x000001fb35801950, 0x000001fb35805710, 0x000001fb35806300, 0x000001fb3580ec10,
0x000001fb358320c0, 0x000001fb358e94c0, 0x000001fb35e73b90, 0x000001fb360bc590,
0x000001fb35f84300, 0x000001fb3638de00, 0x000001fb3638e2d0, 0x000001fb3af14f20,
0x000001fb3af27690, 0x000001fb11915ed0, 0x000001fb3b7a0ea0, 0x000001fb3b7f7a80,
0x000001fb3b7f7f50
}

Java Threads: ( => current thread )
  0x000001fb34c6d740 JavaThread "Reference Handler" daemon [_thread_blocked, id=20148, stack(0x000000f181200000,0x000000f181300000)]
  0x000001fb34c6e2c0 JavaThread "Finalizer" daemon [_thread_blocked, id=32244, stack(0x000000f181300000,0x000000f181400000)]
  0x000001fb34c7e570 JavaThread "Signal Dispatcher" daemon [_thread_blocked, id=12840, stack(0x000000f181400000,0x000000f181500000)]
  0x000001fb35801090 JavaThread "Attach Listener" daemon [_thread_blocked, id=10092, stack(0x000000f181500000,0x000000f181600000)]
  0x000001fb35801950 JavaThread "Service Thread" daemon [_thread_blocked, id=45168, stack(0x000000f181600000,0x000000f181700000)]
  0x000001fb35805710 JavaThread "Monitor Deflation Thread" daemon [_thread_blocked, id=41308, stack(0x000000f181700000,0x000000f181800000)]
  0x000001fb35806300 JavaThread "C2 CompilerThread0" daemon [_thread_blocked, id=11860, stack(0x000000f181800000,0x000000f181900000)]
  0x000001fb3580ec10 JavaThread "C1 CompilerThread0" daemon [_thread_blocked, id=30168, stack(0x000000f181900000,0x000000f181a00000)]
  0x000001fb358320c0 JavaThread "Sweeper thread" daemon [_thread_blocked, id=35976, stack(0x000000f181a00000,0x000000f181b00000)]
  0x000001fb358e94c0 JavaThread "Common-Cleaner" daemon [_thread_blocked, id=24256, stack(0x000000f181c00000,0x000000f181d00000)]
  0x000001fb35e73b90 JavaThread "Monitor Ctrl-Break" daemon [_thread_in_native, id=38032, stack(0x000000f182300000,0x000000f182400000)]
  0x000001fb360bc590 JavaThread "Notification Thread" daemon [_thread_blocked, id=8280, stack(0x000000f182400000,0x000000f182500000)]
  0x000001fb35f84300 JavaThread "QuantumRenderer-0" daemon [_thread_blocked, id=38164, stack(0x000000f182000000,0x000000f182100000)]
  0x000001fb3638de00 JavaThread "InvokeLaterDispatcher" daemon [_thread_blocked, id=45664, stack(0x000000f181f00000,0x000000f182000000)]
  0x000001fb3638e2d0 JavaThread "JavaFX Application Thread" [_thread_blocked, id=31396, stack(0x000000f182600000,0x000000f182700000)]
  0x000001fb3af14f20 JavaThread "Thread-1" daemon [_thread_in_native, id=41384, stack(0x000000f183100000,0x000000f183200000)]
  0x000001fb3af27690 JavaThread "mysql-cj-abandoned-connection-cleanup" daemon [_thread_blocked, id=11344, stack(0x000000f183200000,0x000000f183300000)]
  0x000001fb11915ed0 JavaThread "DestroyJavaVM" [_thread_blocked, id=36100, stack(0x000000f180b00000,0x000000f180c00000)]
  0x000001fb3b7a0ea0 JavaThread "Prism Font Disposer" daemon [_thread_blocked, id=44672, stack(0x000000f183b00000,0x000000f183c00000)]
  0x000001fb3b7f7a80 JavaThread "Cleaner-0" daemon [_thread_blocked, id=16536, stack(0x000000f183800000,0x000000f183900000)]
  0x000001fb3b7f7f50 JavaThread "SIGINT handler" daemon [_thread_blocked, id=29944, stack(0x000000f181b00000,0x000000f181c00000)]

Other Threads:
=>0x000001fb34c69940 VMThread "VM Thread" [stack: 0x000000f181100000,0x000000f181200000] [id=36324]
  0x000001fb1197dd80 GCTaskThread "GC Thread#0" [stack: 0x000000f180c00000,0x000000f180d00000] [id=15072]
  0x000001fb3af38ed0 GCTaskThread "GC Thread#1" [stack: 0x000000f183300000,0x000000f183400000] [id=34804]
  0x000001fb3af27b60 GCTaskThread "GC Thread#2" [stack: 0x000000f183400000,0x000000f183500000] [id=8064]
  0x000001fb3af63840 GCTaskThread "GC Thread#3" [stack: 0x000000f183500000,0x000000f183600000] [id=37856]
  0x000001fb3af6d760 GCTaskThread "GC Thread#4" [stack: 0x000000f183600000,0x000000f183700000] [id=12440]
  0x000001fb3af91020 GCTaskThread "GC Thread#5" [stack: 0x000000f183700000,0x000000f183800000] [id=33216]
  0x000001fb3b99d6c0 GCTaskThread "GC Thread#6" [stack: 0x000000f183c00000,0x000000f183d00000] [id=4072]
  0x000001fb3b898a00 GCTaskThread "GC Thread#7" [stack: 0x000000f183d00000,0x000000f183e00000] [id=26512]
  0x000001fb3baf8230 GCTaskThread "GC Thread#8" [stack: 0x000000f183e00000,0x000000f183f00000] [id=39284]
  0x000001fb3bcc1c00 GCTaskThread "GC Thread#9" [stack: 0x000000f183f00000,0x000000f184000000] [id=5208]
  0x000001fb3b1a8440 GCTaskThread "GC Thread#10" [stack: 0x000000f184000000,0x000000f184100000] [id=8480]
  0x000001fb3b6ef600 GCTaskThread "GC Thread#11" [stack: 0x000000f184100000,0x000000f184200000] [id=12264]
  0x000001fb3d3a5c80 GCTaskThread "GC Thread#12" [stack: 0x000000f184200000,0x000000f184300000] [id=20688]
  0x000001fb1198f160 ConcurrentGCThread "G1 Main Marker" terminated
  0x000001fb11990220 ConcurrentGCThread "G1 Conc#0" [stack: 0x000000f180e00000,0x000000f180f00000] [id=22468]
  0x000001fb119de9e0 ConcurrentGCThread "G1 Refine#0" terminated
  0x000001fb34b21550 ConcurrentGCThread "G1 Service" terminated

Threads with active compile tasks:

VM state: at safepoint (shutting down)

VM Mutex/Monitor currently owned by a thread:  ([mutex/lock_event])
[0x000001fb1190fd40] Threads_lock - owner thread: 0x000001fb34c69940
[0x000001fb1190fb90] Heap_lock - owner thread: 0x000001fb3b7f7f50

Heap address: 0x000000070a800000, size: 3928 MB, Compressed Oops mode: Zero based, Oop shift amount: 3

CDS archive(s) mapped at: [0x0000000800000000-0x0000000800bd0000-0x0000000800bd0000), size 12386304, SharedBaseAddress: 0x0000000800000000, ArchiveRelocationMode: 0.
Compressed class space mapped at: 0x0000000800c00000-0x0000000840c00000, reserved size: 1073741824
Narrow klass base: 0x0000000800000000, Narrow klass shift: 0, Narrow klass range: 0x100000000

GC Precious Log:
 CPUs: 16 total, 16 available
 Memory: 15706M
 Large Page Support: Disabled
 NUMA Support: Disabled
 Compressed Oops: Enabled (Zero based)
 Heap Region Size: 2M
 Heap Min Capacity: 8M
 Heap Initial Capacity: 246M
 Heap Max Capacity: 3928M
 Pre-touch: Disabled
 Parallel Workers: 13
 Concurrent Workers: 3
 Concurrent Refinement Workers: 13
 Periodic GC: Disabled

Heap:
 garbage-first heap   total 251904K, used 16526K [0x000000070a800000, 0x0000000800000000)
  region size 2048K, 8 young (16384K), 3 survivors (6144K)
 Metaspace       used 14681K, committed 14912K, reserved 1064960K
  class space    used 2002K, committed 2112K, reserved 1048576K

Heap Regions: E=young(eden), S=young(survivor), O=old, HS=humongous(starts), HC=humongous(continues), CS=collection set, F=free, OA=open archive, CA=closed archive, TAMS=top-at-mark-start (previous, next)
|   0|0x000000070a800000, 0x000000070a823a00, 0x000000070aa00000|  6%| O|  |TAMS 0x000000070a800000, 0x000000070a800000| Untracked 
|   1|0x000000070aa00000, 0x000000070ac00000, 0x000000070ac00000|100%|HS|  |TAMS 0x000000070aa00000, 0x000000070aa00000| Complete 
|   2|0x000000070ac00000, 0x000000070ac00000, 0x000000070ae00000|  0%| F|  |TAMS 0x000000070ac00000, 0x000000070ac00000| Untracked 
|   3|0x000000070ae00000, 0x000000070ae00000, 0x000000070b000000|  0%| F|  |TAMS 0x000000070ae00000, 0x000000070ae00000| Untracked 
|   4|0x000000070b000000, 0x000000070b000000, 0x000000070b200000|  0%| F|  |TAMS 0x000000070b000000, 0x000000070b000000| Untracked 
|   5|0x000000070b200000, 0x000000070b200000, 0x000000070b400000|  0%| F|  |TAMS 0x000000070b200000, 0x000000070b200000| Untracked 
|   6|0x000000070b400000, 0x000000070b400000, 0x000000070b600000|  0%| F|  |TAMS 0x000000070b400000, 0x000000070b400000| Untracked 
|   7|0x000000070b600000, 0x000000070b600000, 0x000000070b800000|  0%| F|  |TAMS 0x000000070b600000, 0x000000070b600000| Untracked 
|   8|0x000000070b800000, 0x000000070b800000, 0x000000070ba00000|  0%| F|  |TAMS 0x000000070b800000, 0x000000070b800000| Untracked 
|   9|0x000000070ba00000, 0x000000070ba00000, 0x000000070bc00000|  0%| F|  |TAMS 0x000000070ba00000, 0x000000070ba00000| Untracked 
|  10|0x000000070bc00000, 0x000000070bc00000, 0x000000070be00000|  0%| F|  |TAMS 0x000000070bc00000, 0x000000070bc00000| Untracked 
|  11|0x000000070be00000, 0x000000070be00000, 0x000000070c000000|  0%| F|  |TAMS 0x000000070be00000, 0x000000070be00000| Untracked 
|  12|0x000000070c000000, 0x000000070c000000, 0x000000070c200000|  0%| F|  |TAMS 0x000000070c000000, 0x000000070c000000| Untracked 
|  13|0x000000070c200000, 0x000000070c200000, 0x000000070c400000|  0%| F|  |TAMS 0x000000070c200000, 0x000000070c200000| Untracked 
|  14|0x000000070c400000, 0x000000070c400000, 0x000000070c600000|  0%| F|  |TAMS 0x000000070c400000, 0x000000070c400000| Untracked 
|  15|0x000000070c600000, 0x000000070c600000, 0x000000070c800000|  0%| F|  |TAMS 0x000000070c600000, 0x000000070c600000| Untracked 
|  16|0x000000070c800000, 0x000000070c800000, 0x000000070ca00000|  0%| F|  |TAMS 0x000000070c800000, 0x000000070c800000| Untracked 
|  17|0x000000070ca00000, 0x000000070ca00000, 0x000000070cc00000|  0%| F|  |TAMS 0x000000070ca00000, 0x000000070ca00000| Untracked 
|  18|0x000000070cc00000, 0x000000070cc00000, 0x000000070ce00000|  0%| F|  |TAMS 0x000000070cc00000, 0x000000070cc00000| Untracked 
|  19|0x000000070ce00000, 0x000000070ce00000, 0x000000070d000000|  0%| F|  |TAMS 0x000000070ce00000, 0x000000070ce00000| Untracked 
|  20|0x000000070d000000, 0x000000070d000000, 0x000000070d200000|  0%| F|  |TAMS 0x000000070d000000, 0x000000070d000000| Untracked 
|  21|0x000000070d200000, 0x000000070d200000, 0x000000070d400000|  0%| F|  |TAMS 0x000000070d200000, 0x000000070d200000| Untracked 
|  22|0x000000070d400000, 0x000000070d400000, 0x000000070d600000|  0%| F|  |TAMS 0x000000070d400000, 0x000000070d400000| Untracked 
|  23|0x000000070d600000, 0x000000070d600000, 0x000000070d800000|  0%| F|  |TAMS 0x000000070d600000, 0x000000070d600000| Untracked 
|  24|0x000000070d800000, 0x000000070d800000, 0x000000070da00000|  0%| F|  |TAMS 0x000000070d800000, 0x000000070d800000| Untracked 
|  25|0x000000070da00000, 0x000000070da00000, 0x000000070dc00000|  0%| F|  |TAMS 0x000000070da00000, 0x000000070da00000| Untracked 
|  26|0x000000070dc00000, 0x000000070dc00000, 0x000000070de00000|  0%| F|  |TAMS 0x000000070dc00000, 0x000000070dc00000| Untracked 
|  27|0x000000070de00000, 0x000000070de00000, 0x000000070e000000|  0%| F|  |TAMS 0x000000070de00000, 0x000000070de00000| Untracked 
|  28|0x000000070e000000, 0x000000070e000000, 0x000000070e200000|  0%| F|  |TAMS 0x000000070e000000, 0x000000070e000000| Untracked 
|  29|0x000000070e200000, 0x000000070e200000, 0x000000070e400000|  0%| F|  |TAMS 0x000000070e200000, 0x000000070e200000| Untracked 
|  30|0x000000070e400000, 0x000000070e400000, 0x000000070e600000|  0%| F|  |TAMS 0x000000070e400000, 0x000000070e400000| Untracked 
|  31|0x000000070e600000, 0x000000070e600000, 0x000000070e800000|  0%| F|  |TAMS 0x000000070e600000, 0x000000070e600000| Untracked 
|  32|0x000000070e800000, 0x000000070e800000, 0x000000070ea00000|  0%| F|  |TAMS 0x000000070e800000, 0x000000070e800000| Untracked 
|  33|0x000000070ea00000, 0x000000070ea00000, 0x000000070ec00000|  0%| F|  |TAMS 0x000000070ea00000, 0x000000070ea00000| Untracked 
|  34|0x000000070ec00000, 0x000000070ec00000, 0x000000070ee00000|  0%| F|  |TAMS 0x000000070ec00000, 0x000000070ec00000| Untracked 
|  35|0x000000070ee00000, 0x000000070ee00000, 0x000000070f000000|  0%| F|  |TAMS 0x000000070ee00000, 0x000000070ee00000| Untracked 
|  36|0x000000070f000000, 0x000000070f000000, 0x000000070f200000|  0%| F|  |TAMS 0x000000070f000000, 0x000000070f000000| Untracked 
|  37|0x000000070f200000, 0x000000070f200000, 0x000000070f400000|  0%| F|  |TAMS 0x000000070f200000, 0x000000070f200000| Untracked 
|  38|0x000000070f400000, 0x000000070f400000, 0x000000070f600000|  0%| F|  |TAMS 0x000000070f400000, 0x000000070f400000| Untracked 
|  39|0x000000070f600000, 0x000000070f600000, 0x000000070f800000|  0%| F|  |TAMS 0x000000070f600000, 0x000000070f600000| Untracked 
|  40|0x000000070f800000, 0x000000070f800000, 0x000000070fa00000|  0%| F|  |TAMS 0x000000070f800000, 0x000000070f800000| Untracked 
|  41|0x000000070fa00000, 0x000000070fa00000, 0x000000070fc00000|  0%| F|  |TAMS 0x000000070fa00000, 0x000000070fa00000| Untracked 
|  42|0x000000070fc00000, 0x000000070fc00000, 0x000000070fe00000|  0%| F|  |TAMS 0x000000070fc00000, 0x000000070fc00000| Untracked 
|  43|0x000000070fe00000, 0x000000070fe00000, 0x0000000710000000|  0%| F|  |TAMS 0x000000070fe00000, 0x000000070fe00000| Untracked 
|  44|0x0000000710000000, 0x0000000710000000, 0x0000000710200000|  0%| F|  |TAMS 0x0000000710000000, 0x0000000710000000| Untracked 
|  45|0x0000000710200000, 0x0000000710200000, 0x0000000710400000|  0%| F|  |TAMS 0x0000000710200000, 0x0000000710200000| Untracked 
|  46|0x0000000710400000, 0x0000000710400000, 0x0000000710600000|  0%| F|  |TAMS 0x0000000710400000, 0x0000000710400000| Untracked 
|  47|0x0000000710600000, 0x0000000710600000, 0x0000000710800000|  0%| F|  |TAMS 0x0000000710600000, 0x0000000710600000| Untracked 
|  48|0x0000000710800000, 0x0000000710800000, 0x0000000710a00000|  0%| F|  |TAMS 0x0000000710800000, 0x0000000710800000| Untracked 
|  49|0x0000000710a00000, 0x0000000710a00000, 0x0000000710c00000|  0%| F|  |TAMS 0x0000000710a00000, 0x0000000710a00000| Untracked 
|  50|0x0000000710c00000, 0x0000000710c00000, 0x0000000710e00000|  0%| F|  |TAMS 0x0000000710c00000, 0x0000000710c00000| Untracked 
|  51|0x0000000710e00000, 0x0000000710e00000, 0x0000000711000000|  0%| F|  |TAMS 0x0000000710e00000, 0x0000000710e00000| Untracked 
|  52|0x0000000711000000, 0x0000000711000000, 0x0000000711200000|  0%| F|  |TAMS 0x0000000711000000, 0x0000000711000000| Untracked 
|  53|0x0000000711200000, 0x0000000711200000, 0x0000000711400000|  0%| F|  |TAMS 0x0000000711200000, 0x0000000711200000| Untracked 
|  54|0x0000000711400000, 0x0000000711400000, 0x0000000711600000|  0%| F|  |TAMS 0x0000000711400000, 0x0000000711400000| Untracked 
|  55|0x0000000711600000, 0x0000000711600000, 0x0000000711800000|  0%| F|  |TAMS 0x0000000711600000, 0x0000000711600000| Untracked 
|  56|0x0000000711800000, 0x0000000711800000, 0x0000000711a00000|  0%| F|  |TAMS 0x0000000711800000, 0x0000000711800000| Untracked 
|  57|0x0000000711a00000, 0x0000000711a00000, 0x0000000711c00000|  0%| F|  |TAMS 0x0000000711a00000, 0x0000000711a00000| Untracked 
|  58|0x0000000711c00000, 0x0000000711c00000, 0x0000000711e00000|  0%| F|  |TAMS 0x0000000711c00000, 0x0000000711c00000| Untracked 
|  59|0x0000000711e00000, 0x0000000711e00000, 0x0000000712000000|  0%| F|  |TAMS 0x0000000711e00000, 0x0000000711e00000| Untracked 
|  60|0x0000000712000000, 0x0000000712000000, 0x0000000712200000|  0%| F|  |TAMS 0x0000000712000000, 0x0000000712000000| Untracked 
|  61|0x0000000712200000, 0x0000000712200000, 0x0000000712400000|  0%| F|  |TAMS 0x0000000712200000, 0x0000000712200000| Untracked 
|  62|0x0000000712400000, 0x0000000712400000, 0x0000000712600000|  0%| F|  |TAMS 0x0000000712400000, 0x0000000712400000| Untracked 
|  63|0x0000000712600000, 0x0000000712600000, 0x0000000712800000|  0%| F|  |TAMS 0x0000000712600000, 0x0000000712600000| Untracked 
|  64|0x0000000712800000, 0x0000000712800000, 0x0000000712a00000|  0%| F|  |TAMS 0x0000000712800000, 0x0000000712800000| Untracked 
|  65|0x0000000712a00000, 0x0000000712a00000, 0x0000000712c00000|  0%| F|  |TAMS 0x0000000712a00000, 0x0000000712a00000| Untracked 
|  66|0x0000000712c00000, 0x0000000712c00000, 0x0000000712e00000|  0%| F|  |TAMS 0x0000000712c00000, 0x0000000712c00000| Untracked 
|  67|0x0000000712e00000, 0x0000000712e00000, 0x0000000713000000|  0%| F|  |TAMS 0x0000000712e00000, 0x0000000712e00000| Untracked 
|  68|0x0000000713000000, 0x0000000713000000, 0x0000000713200000|  0%| F|  |TAMS 0x0000000713000000, 0x0000000713000000| Untracked 
|  69|0x0000000713200000, 0x0000000713200000, 0x0000000713400000|  0%| F|  |TAMS 0x0000000713200000, 0x0000000713200000| Untracked 
|  70|0x0000000713400000, 0x0000000713400000, 0x0000000713600000|  0%| F|  |TAMS 0x0000000713400000, 0x0000000713400000| Untracked 
|  71|0x0000000713600000, 0x0000000713600000, 0x0000000713800000|  0%| F|  |TAMS 0x0000000713600000, 0x0000000713600000| Untracked 
|  72|0x0000000713800000, 0x0000000713800000, 0x0000000713a00000|  0%| F|  |TAMS 0x0000000713800000, 0x0000000713800000| Untracked 
|  73|0x0000000713a00000, 0x0000000713a00000, 0x0000000713c00000|  0%| F|  |TAMS 0x0000000713a00000, 0x0000000713a00000| Untracked 
|  74|0x0000000713c00000, 0x0000000713c00000, 0x0000000713e00000|  0%| F|  |TAMS 0x0000000713c00000, 0x0000000713c00000| Untracked 
|  75|0x0000000713e00000, 0x0000000713e00000, 0x0000000714000000|  0%| F|  |TAMS 0x0000000713e00000, 0x0000000713e00000| Untracked 
|  76|0x0000000714000000, 0x0000000714000000, 0x0000000714200000|  0%| F|  |TAMS 0x0000000714000000, 0x0000000714000000| Untracked 
|  77|0x0000000714200000, 0x0000000714200000, 0x0000000714400000|  0%| F|  |TAMS 0x0000000714200000, 0x0000000714200000| Untracked 
|  78|0x0000000714400000, 0x0000000714400000, 0x0000000714600000|  0%| F|  |TAMS 0x0000000714400000, 0x0000000714400000| Untracked 
|  79|0x0000000714600000, 0x0000000714600000, 0x0000000714800000|  0%| F|  |TAMS 0x0000000714600000, 0x0000000714600000| Untracked 
|  80|0x0000000714800000, 0x0000000714800000, 0x0000000714a00000|  0%| F|  |TAMS 0x0000000714800000, 0x0000000714800000| Untracked 
|  81|0x0000000714a00000, 0x0000000714a00000, 0x0000000714c00000|  0%| F|  |TAMS 0x0000000714a00000, 0x0000000714a00000| Untracked 
|  82|0x0000000714c00000, 0x0000000714c00000, 0x0000000714e00000|  0%| F|  |TAMS 0x0000000714c00000, 0x0000000714c00000| Untracked 
|  83|0x0000000714e00000, 0x0000000714e00000, 0x0000000715000000|  0%| F|  |TAMS 0x0000000714e00000, 0x0000000714e00000| Untracked 
|  84|0x0000000715000000, 0x0000000715000000, 0x0000000715200000|  0%| F|  |TAMS 0x0000000715000000, 0x0000000715000000| Untracked 
|  85|0x0000000715200000, 0x0000000715200000, 0x0000000715400000|  0%| F|  |TAMS 0x0000000715200000, 0x0000000715200000| Untracked 
|  86|0x0000000715400000, 0x0000000715400000, 0x0000000715600000|  0%| F|  |TAMS 0x0000000715400000, 0x0000000715400000| Untracked 
|  87|0x0000000715600000, 0x0000000715600000, 0x0000000715800000|  0%| F|  |TAMS 0x0000000715600000, 0x0000000715600000| Untracked 
|  88|0x0000000715800000, 0x0000000715800000, 0x0000000715a00000|  0%| F|  |TAMS 0x0000000715800000, 0x0000000715800000| Untracked 
|  89|0x0000000715a00000, 0x0000000715a00000, 0x0000000715c00000|  0%| F|  |TAMS 0x0000000715a00000, 0x0000000715a00000| Untracked 
|  90|0x0000000715c00000, 0x0000000715c00000, 0x0000000715e00000|  0%| F|  |TAMS 0x0000000715c00000, 0x0000000715c00000| Untracked 
|  91|0x0000000715e00000, 0x0000000715e00000, 0x0000000716000000|  0%| F|  |TAMS 0x0000000715e00000, 0x0000000715e00000| Untracked 
|  92|0x0000000716000000, 0x0000000716000000, 0x0000000716200000|  0%| F|  |TAMS 0x0000000716000000, 0x0000000716000000| Untracked 
|  93|0x0000000716200000, 0x0000000716200000, 0x0000000716400000|  0%| F|  |TAMS 0x0000000716200000, 0x0000000716200000| Untracked 
|  94|0x0000000716400000, 0x0000000716400000, 0x0000000716600000|  0%| F|  |TAMS 0x0000000716400000, 0x0000000716400000| Untracked 
|  95|0x0000000716600000, 0x0000000716600000, 0x0000000716800000|  0%| F|  |TAMS 0x0000000716600000, 0x0000000716600000| Untracked 
|  96|0x0000000716800000, 0x0000000716800000, 0x0000000716a00000|  0%| F|  |TAMS 0x0000000716800000, 0x0000000716800000| Untracked 
|  97|0x0000000716a00000, 0x0000000716a00000, 0x0000000716c00000|  0%| F|  |TAMS 0x0000000716a00000, 0x0000000716a00000| Untracked 
|  98|0x0000000716c00000, 0x0000000716c00000, 0x0000000716e00000|  0%| F|  |TAMS 0x0000000716c00000, 0x0000000716c00000| Untracked 
|  99|0x0000000716e00000, 0x0000000716e00000, 0x0000000717000000|  0%| F|  |TAMS 0x0000000716e00000, 0x0000000716e00000| Untracked 
| 100|0x0000000717000000, 0x0000000717000000, 0x0000000717200000|  0%| F|  |TAMS 0x0000000717000000, 0x0000000717000000| Untracked 
| 101|0x0000000717200000, 0x0000000717200000, 0x0000000717400000|  0%| F|  |TAMS 0x0000000717200000, 0x0000000717200000| Untracked 
| 102|0x0000000717400000, 0x0000000717400000, 0x0000000717600000|  0%| F|  |TAMS 0x0000000717400000, 0x0000000717400000| Untracked 
| 103|0x0000000717600000, 0x0000000717800000, 0x0000000717800000|100%| S|CS|TAMS 0x0000000717600000, 0x0000000717600000| Complete 
| 104|0x0000000717800000, 0x0000000717a00000, 0x0000000717a00000|100%| S|CS|TAMS 0x0000000717800000, 0x0000000717800000| Complete 
| 105|0x0000000717a00000, 0x0000000717c00000, 0x0000000717c00000|100%| S|CS|TAMS 0x0000000717a00000, 0x0000000717a00000| Complete 
| 106|0x0000000717c00000, 0x0000000717c00000, 0x0000000717e00000|  0%| F|  |TAMS 0x0000000717c00000, 0x0000000717c00000| Untracked 
| 107|0x0000000717e00000, 0x0000000717e00000, 0x0000000718000000|  0%| F|  |TAMS 0x0000000717e00000, 0x0000000717e00000| Untracked 
| 108|0x0000000718000000, 0x0000000718000000, 0x0000000718200000|  0%| F|  |TAMS 0x0000000718000000, 0x0000000718000000| Untracked 
| 109|0x0000000718200000, 0x0000000718200000, 0x0000000718400000|  0%| F|  |TAMS 0x0000000718200000, 0x0000000718200000| Untracked 
| 110|0x0000000718400000, 0x0000000718400000, 0x0000000718600000|  0%| F|  |TAMS 0x0000000718400000, 0x0000000718400000| Untracked 
| 111|0x0000000718600000, 0x0000000718600000, 0x0000000718800000|  0%| F|  |TAMS 0x0000000718600000, 0x0000000718600000| Untracked 
| 112|0x0000000718800000, 0x0000000718800000, 0x0000000718a00000|  0%| F|  |TAMS 0x0000000718800000, 0x0000000718800000| Untracked 
| 113|0x0000000718a00000, 0x0000000718a00000, 0x0000000718c00000|  0%| F|  |TAMS 0x0000000718a00000, 0x0000000718a00000| Untracked 
| 114|0x0000000718c00000, 0x0000000718c00000, 0x0000000718e00000|  0%| F|  |TAMS 0x0000000718c00000, 0x0000000718c00000| Untracked 
| 115|0x0000000718e00000, 0x0000000718e00000, 0x0000000719000000|  0%| F|  |TAMS 0x0000000718e00000, 0x0000000718e00000| Untracked 
| 116|0x0000000719000000, 0x0000000719000000, 0x0000000719200000|  0%| F|  |TAMS 0x0000000719000000, 0x0000000719000000| Untracked 
| 117|0x0000000719200000, 0x0000000719200000, 0x0000000719400000|  0%| F|  |TAMS 0x0000000719200000, 0x0000000719200000| Untracked 
| 118|0x0000000719400000, 0x0000000719454ff8, 0x0000000719600000| 16%| E|  |TAMS 0x0000000719400000, 0x0000000719400000| Complete 
| 119|0x0000000719600000, 0x0000000719800000, 0x0000000719800000|100%| E|CS|TAMS 0x0000000719600000, 0x0000000719600000| Complete 
| 120|0x0000000719800000, 0x0000000719a00000, 0x0000000719a00000|100%| E|CS|TAMS 0x0000000719800000, 0x0000000719800000| Complete 
| 121|0x0000000719a00000, 0x0000000719c00000, 0x0000000719c00000|100%| E|CS|TAMS 0x0000000719a00000, 0x0000000719a00000| Complete 
| 122|0x0000000719c00000, 0x0000000719e00000, 0x0000000719e00000|100%| E|CS|TAMS 0x0000000719c00000, 0x0000000719c00000| Complete 

Card table byte_map: [0x000001fb291c0000,0x000001fb29970000] _byte_map_base: 0x000001fb2596c000

Marking Bits (Prev, Next): (CMBitMap*) 0x000001fb1197e2a0, (CMBitMap*) 0x000001fb1197e2e0
 Prev Bits: [0x000001fb2a120000, 0x000001fb2de80000)
 Next Bits: [0x000001fb2de80000, 0x000001fb31be0000)

Polling page: 0x000001fb0f6e0000

Metaspace:

Usage:
  Non-class:     12.38 MB used.
      Class:      1.96 MB used.
       Both:     14.34 MB used.

Virtual space:
  Non-class space:       16.00 MB reserved,      12.50 MB ( 78%) committed,  2 nodes.
      Class space:        1.00 GB reserved,       2.06 MB ( <1%) committed,  1 nodes.
             Both:        1.02 GB reserved,      14.56 MB (  1%) committed. 

Chunk freelists:
   Non-Class:  3.23 MB
       Class:  1.86 MB
        Both:  5.09 MB

MaxMetaspaceSize: unlimited
CompressedClassSpaceSize: 1.00 GB
Initial GC threshold: 21.00 MB
Current GC threshold: 21.00 MB
CDS: on
MetaspaceReclaimPolicy: balanced
 - commit_granule_bytes: 65536.
 - commit_granule_words: 8192.
 - virtual_space_node_default_size: 1048576.
 - enlarge_chunks_in_place: 1.
 - new_chunks_are_fully_committed: 0.
 - uncommit_free_chunks: 1.
 - use_allocation_guard: 0.
 - handle_deallocations: 1.


Internal statistics:

num_allocs_failed_limit: 0.
num_arena_births: 160.
num_arena_deaths: 0.
num_vsnodes_births: 3.
num_vsnodes_deaths: 0.
num_space_committed: 233.
num_space_uncommitted: 0.
num_chunks_returned_to_freelist: 0.
num_chunks_taken_from_freelist: 619.
num_chunk_merges: 0.
num_chunk_splits: 440.
num_chunks_enlarged: 353.
num_purges: 0.
num_inconsistent_stats: 0.

CodeHeap 'non-profiled nmethods': size=119168Kb used=856Kb max_used=856Kb free=118311Kb
 bounds [0x000001fb20d30000, 0x000001fb20fa0000, 0x000001fb28190000]
CodeHeap 'profiled nmethods': size=119104Kb used=3718Kb max_used=3718Kb free=115386Kb
 bounds [0x000001fb19190000, 0x000001fb19540000, 0x000001fb205e0000]
CodeHeap 'non-nmethods': size=7488Kb used=1444Kb max_used=3150Kb free=6044Kb
 bounds [0x000001fb205e0000, 0x000001fb20900000, 0x000001fb20d30000]
 total_blobs=2850 nmethods=2035 adapters=727
 compilation: enabled
              stopped_count=0, restarted_count=0
 full_count=0

Compilation events (20 events):
Event: 8.605 Thread 0x000001fb359d1e10 nmethod 2025 0x000001fb1952be10 code [0x000001fb1952c020, 0x000001fb1952c4d8]
Event: 8.605 Thread 0x000001fb3580ec10 nmethod 2026 0x000001fb1952c690 code [0x000001fb1952c900, 0x000001fb1952ced8]
Event: 8.605 Thread 0x000001fb3580ec10 2028       1       javafx.css.StyleableObjectProperty::getStyleOrigin (5 bytes)
Event: 8.605 Thread 0x000001fb3580ec10 nmethod 2028 0x000001fb20e05310 code [0x000001fb20e054a0, 0x000001fb20e05578]
Event: 8.605 Thread 0x000001fb359d1e10 2029       1       com.sun.javafx.UnmodifiableArrayList::size (5 bytes)
Event: 8.605 Thread 0x000001fb359d1e10 nmethod 2029 0x000001fb20e05610 code [0x000001fb20e057a0, 0x000001fb20e05878]
Event: 8.606 Thread 0x000001fb358ae470 2030       3       com.sun.prism.impl.BaseTexture::assertLocked (8 bytes)
Event: 8.606 Thread 0x000001fb3580ec10 2031       1       com.sun.javafx.geom.transform.AffineBase::getMyt (5 bytes)
Event: 8.606 Thread 0x000001fb3580ec10 nmethod 2031 0x000001fb20e05910 code [0x000001fb20e05aa0, 0x000001fb20e05b78]
Event: 8.606 Thread 0x000001fb358ae470 nmethod 2030 0x000001fb1952d110 code [0x000001fb1952d2c0, 0x000001fb1952d548]
Event: 8.607 Thread 0x000001fb359d1e10 2032       1       javafx.scene.paint.Stop::getColor (5 bytes)
Event: 8.607 Thread 0x000001fb359d1e10 nmethod 2032 0x000001fb20e05c10 code [0x000001fb20e05da0, 0x000001fb20e05e78]
Event: 8.609 Thread 0x000001fb358ae470 2033       3       com.sun.javafx.geom.Path2D::needRoom (94 bytes)
Event: 8.609 Thread 0x000001fb358ae470 nmethod 2033 0x000001fb1952d690 code [0x000001fb1952d880, 0x000001fb1952de28]
Event: 8.609 Thread 0x000001fb358ae470 2034       3       com.sun.javafx.geom.transform.AffineBase::getType (33 bytes)
Event: 8.610 Thread 0x000001fb358ae470 nmethod 2034 0x000001fb1952e010 code [0x000001fb1952e1c0, 0x000001fb1952e4d8]
Event: 8.710 Thread 0x000001fb3580ec10 2035       1       javafx.scene.Cursor$StandardCursor::getCurrentFrame (5 bytes)
Event: 8.711 Thread 0x000001fb3580ec10 nmethod 2035 0x000001fb20e05f10 code [0x000001fb20e060a0, 0x000001fb20e06178]
Event: 8.801 Thread 0x000001fb3580ec10 2036       3       com.sun.javafx.scene.EnteredExitedHandler::dispatchCapturingEvent (222 bytes)
Event: 8.803 Thread 0x000001fb3580ec10 nmethod 2036 0x000001fb1952e590 code [0x000001fb1952e9a0, 0x000001fb19530fb8]

GC Heap History (4 events):
Event: 1.385 GC heap before
{Heap before GC invocations=0 (full 0):
 garbage-first heap   total 251904K, used 22528K [0x000000070a800000, 0x0000000800000000)
  region size 2048K, 11 young (22528K), 0 survivors (0K)
 Metaspace       used 4692K, committed 4864K, reserved 1056768K
  class space    used 508K, committed 576K, reserved 1048576K
}
Event: 1.407 GC heap after
{Heap after GC invocations=1 (full 0):
 garbage-first heap   total 251904K, used 3427K [0x000000070a800000, 0x0000000800000000)
  region size 2048K, 2 young (4096K), 2 survivors (4096K)
 Metaspace       used 4692K, committed 4864K, reserved 1056768K
  class space    used 508K, committed 576K, reserved 1048576K
}
Event: 2.687 GC heap before
{Heap before GC invocations=1 (full 0):
 garbage-first heap   total 251904K, used 34147K [0x000000070a800000, 0x0000000800000000)
  region size 2048K, 17 young (34816K), 2 survivors (4096K)
 Metaspace       used 12698K, committed 12864K, reserved 1064960K
  class space    used 1759K, committed 1856K, reserved 1048576K
}
Event: 2.720 GC heap after
{Heap after GC invocations=2 (full 0):
 garbage-first heap   total 251904K, used 6286K [0x000000070a800000, 0x0000000800000000)
  region size 2048K, 3 young (6144K), 3 survivors (6144K)
 Metaspace       used 12698K, committed 12864K, reserved 1064960K
  class space    used 1759K, committed 1856K, reserved 1048576K
}

Deoptimization events (20 events):
Event: 2.481 Thread 0x000001fb3638e2d0 DEOPT PACKING pc=0x000001fb20dbd070 sp=0x000000f1826fca10
Event: 2.481 Thread 0x000001fb3638e2d0 DEOPT UNPACKING pc=0x000001fb206323a3 sp=0x000000f1826fca60 mode 2
Event: 2.481 Thread 0x000001fb3638e2d0 Uncommon trap: trap_request=0xffffffde fr.pc=0x000001fb20dbd070 relative=0x0000000000001db0
Event: 2.481 Thread 0x000001fb3638e2d0 Uncommon trap: reason=class_check action=maybe_recompile pc=0x000001fb20dbd070 method=java.util.zip.InflaterInputStream.read([BII)I @ 100 c2
Event: 2.481 Thread 0x000001fb3638e2d0 DEOPT PACKING pc=0x000001fb20dbd070 sp=0x000000f1826fca10
Event: 2.481 Thread 0x000001fb3638e2d0 DEOPT UNPACKING pc=0x000001fb206323a3 sp=0x000000f1826fca60 mode 2
Event: 2.727 Thread 0x000001fb3638e2d0 Uncommon trap: trap_request=0xffffff45 fr.pc=0x000001fb20d779b8 relative=0x0000000000000038
Event: 2.727 Thread 0x000001fb3638e2d0 Uncommon trap: reason=unstable_if action=reinterpret pc=0x000001fb20d779b8 method=jdk.internal.misc.Unsafe.convEndian(ZI)I @ 4 c2
Event: 2.727 Thread 0x000001fb3638e2d0 DEOPT PACKING pc=0x000001fb20d779b8 sp=0x000000f1826fbf20
Event: 2.727 Thread 0x000001fb3638e2d0 DEOPT UNPACKING pc=0x000001fb206323a3 sp=0x000000f1826fbeb8 mode 2
Event: 2.763 Thread 0x000001fb3638e2d0 Uncommon trap: trap_request=0xffffff45 fr.pc=0x000001fb20d43398 relative=0x00000000000000f8
Event: 2.763 Thread 0x000001fb3638e2d0 Uncommon trap: reason=unstable_if action=reinterpret pc=0x000001fb20d43398 method=java.lang.StringLatin1.lastIndexOf([BI[BII)I @ 86 c2
Event: 2.763 Thread 0x000001fb3638e2d0 DEOPT PACKING pc=0x000001fb20d43398 sp=0x000000f1826fc3e0
Event: 2.763 Thread 0x000001fb3638e2d0 DEOPT UNPACKING pc=0x000001fb206323a3 sp=0x000000f1826fc360 mode 2
Event: 8.030 Thread 0x000001fb35f84300 DEOPT PACKING pc=0x000001fb194c92ed sp=0x000000f1820fdaa0
Event: 8.030 Thread 0x000001fb35f84300 DEOPT UNPACKING pc=0x000001fb20632b43 sp=0x000000f1820fcf08 mode 0
Event: 8.032 Thread 0x000001fb35f84300 DEOPT PACKING pc=0x000001fb194c92ed sp=0x000000f1820fdaa0
Event: 8.032 Thread 0x000001fb35f84300 DEOPT UNPACKING pc=0x000001fb20632b43 sp=0x000000f1820fcf08 mode 0
Event: 8.034 Thread 0x000001fb35f84300 DEOPT PACKING pc=0x000001fb194c92ed sp=0x000000f1820fdaa0
Event: 8.035 Thread 0x000001fb35f84300 DEOPT UNPACKING pc=0x000001fb20632b43 sp=0x000000f1820fcf08 mode 0

Classes unloaded (0 events):
No events

Classes redefined (0 events):
No events

Internal exceptions (20 events):
Event: 1.885 Thread 0x000001fb3638e2d0 Exception <a 'java/lang/ClassNotFoundException'{0x00000007190ce6a8}: com/sun/glass/ui/win/themes> (0x00000007190ce6a8) 
thrown [s\open\src\hotspot\share\prims\jni.cpp, line 535]
Event: 1.886 Thread 0x000001fb3638e2d0 Exception <a 'java/lang/ClassNotFoundException'{0x00000007190d6370}: com/sun/glass/ui/win/themes_en> (0x00000007190d6370) 
thrown [s\open\src\hotspot\share\prims\jni.cpp, line 535]
Event: 1.886 Thread 0x000001fb3638e2d0 Exception <a 'java/lang/ClassNotFoundException'{0x00000007190de100}: com/sun/glass/ui/win/themes_en_US> (0x00000007190de100) 
thrown [s\open\src\hotspot\share\prims\jni.cpp, line 535]
Event: 2.057 Thread 0x000001fb3638e2d0 Exception <a 'java/lang/NoSuchMethodError'{0x0000000718df0de0}: 'void java.lang.invoke.DirectMethodHandle$Holder.invokeStaticInit(java.lang.Object, java.lang.Object)'> (0x0000000718df0de0) 
thrown [s\open\src\hotspot\share\interpreter\linkResolver.cpp, line 759]
Event: 2.166 Thread 0x000001fb3638e2d0 Exception <a 'sun/nio/fs/WindowsException'{0x00000007188aa188}> (0x00000007188aa188) 
thrown [s\open\src\hotspot\share\prims\jni.cpp, line 516]
Event: 2.262 Thread 0x000001fb3638e2d0 Implicit null exception at 0x000001fb20da5d0e to 0x000001fb20da60bc
Event: 2.277 Thread 0x000001fb3638e2d0 Implicit null exception at 0x000001fb20da6c0f to 0x000001fb20da6fec
Event: 2.295 Thread 0x000001fb3638e2d0 Exception <a 'java/lang/ClassNotFoundException'{0x00000007182c3b58}: com/sun/javafx/scene/control/skin/resources/controls> (0x00000007182c3b58) 
thrown [s\open\src\hotspot\share\prims\jni.cpp, line 535]
Event: 2.298 Thread 0x000001fb3638e2d0 Exception <a 'java/lang/ClassNotFoundException'{0x00000007182d1850}: com/sun/javafx/scene/control/skin/resources/controls_en> (0x00000007182d1850) 
thrown [s\open\src\hotspot\share\prims\jni.cpp, line 535]
Event: 2.298 Thread 0x000001fb3638e2d0 Exception <a 'java/lang/ClassNotFoundException'{0x00000007182d2540}: com/sun/javafx/scene/control/skin/resources/controls_en_US> (0x00000007182d2540) 
thrown [s\open\src\hotspot\share\prims\jni.cpp, line 535]
Event: 2.305 Thread 0x000001fb3638e2d0 Implicit null exception at 0x000001fb20d54faf to 0x000001fb20d55180
Event: 2.440 Thread 0x000001fb3638e2d0 Exception <a 'java/lang/NoSuchMethodError'{0x0000000718173d00}: 'java.lang.Object java.lang.invoke.DirectMethodHandle$Holder.newInvokeSpecial(java.lang.Object, java.lang.Object, java.lang.Object, java.lang.Object, java.lang.Object)'> (0x0000000718173d00) 
thrown [s\open\src\hotspot\share\interpreter\linkResolver.cpp, line 759]
Event: 2.595 Thread 0x000001fb3638e2d0 Exception <a 'java/lang/NoSuchMethodError'{0x0000000717cb8880}: 'java.lang.Object java.lang.invoke.DirectMethodHandle$Holder.invokeInterface(java.lang.Object, java.lang.Object, java.lang.Object)'> (0x0000000717cb8880) 
thrown [s\open\src\hotspot\share\interpreter\linkResolver.cpp, line 759]
Event: 2.597 Thread 0x000001fb3638e2d0 Exception <a 'java/lang/IncompatibleClassChangeError'{0x0000000717cbbf48}: Found class java.lang.Object, but interface was expected> (0x0000000717cbbf48) 
thrown [s\open\src\hotspot\share\interpreter\linkResolver.cpp, line 826]
Event: 2.776 Thread 0x000001fb3638e2d0 Exception <a 'java/lang/NoSuchMethodError'{0x0000000719d6c7a0}: 'java.lang.Object java.lang.invoke.DirectMethodHandle$Holder.newInvokeSpecial(java.lang.Object, java.lang.Object, int)'> (0x0000000719d6c7a0) 
thrown [s\open\src\hotspot\share\interpreter\linkResolver.cpp, line 759]
Event: 2.982 Thread 0x000001fb35f84300 Exception <a 'java/lang/NoSuchMethodError'{0x0000000719aa1080}: 'int java.lang.invoke.DirectMethodHandle$Holder.invokeStaticInit(java.lang.Object, java.lang.Object)'> (0x0000000719aa1080) 
thrown [s\open\src\hotspot\share\interpreter\linkResolver.cpp, line 759]
Event: 8.600 Thread 0x000001fb3638e2d0 Exception <a 'java/lang/NoSuchMethodError'{0x000000071977bb58}: 'long java.lang.invoke.DirectMethodHandle$Holder.invokeStatic(java.lang.Object, java.lang.Object, java.lang.Object)'> (0x000000071977bb58) 
thrown [s\open\src\hotspot\share\interpreter\linkResolver.cpp, line 759]
Event: 8.600 Thread 0x000001fb3638e2d0 Exception <a 'java/lang/NoSuchMethodError'{0x000000071977f5a8}: 'long java.lang.invoke.DirectMethodHandle$Holder.invokeStaticInit(java.lang.Object, java.lang.Object, java.lang.Object)'> (0x000000071977f5a8) 
thrown [s\open\src\hotspot\share\interpreter\linkResolver.cpp, line 759]
Event: 8.603 Thread 0x000001fb3638e2d0 Exception <a 'java/lang/NoSuchMethodError'{0x0000000719797690}: 'java.lang.Object java.lang.invoke.DirectMethodHandle$Holder.newInvokeSpecial(java.lang.Object, java.lang.Object, long)'> (0x0000000719797690) 
thrown [s\open\src\hotspot\share\interpreter\linkResolver.cpp, line 759]
Event: 8.603 Thread 0x000001fb3638e2d0 Exception <a 'java/lang/NoSuchMethodError'{0x000000071979b200}: 'java.lang.Object java.lang.invoke.Invokers$Holder.linkToTargetMethod(java.lang.Object, long, java.lang.Object)'> (0x000000071979b200) 
thrown [s\open\src\hotspot\share\interpreter\linkResolver.cpp, line 759]

VM Operations (20 events):
Event: 1.373 Executing VM operation: HandshakeAllThreads done
Event: 1.385 Executing VM operation: G1CollectForAllocation
Event: 1.407 Executing VM operation: G1CollectForAllocation done
Event: 1.416 Executing VM operation: HandshakeAllThreads
Event: 1.416 Executing VM operation: HandshakeAllThreads done
Event: 1.707 Executing VM operation: HandshakeAllThreads
Event: 1.707 Executing VM operation: HandshakeAllThreads done
Event: 2.506 Executing VM operation: ICBufferFull
Event: 2.506 Executing VM operation: ICBufferFull done
Event: 2.687 Executing VM operation: G1CollectForAllocation
Event: 2.720 Executing VM operation: G1CollectForAllocation done
Event: 4.720 Executing VM operation: Cleanup
Event: 4.720 Executing VM operation: Cleanup done
Event: 7.722 Executing VM operation: Cleanup
Event: 7.722 Executing VM operation: Cleanup done
Event: 8.722 Executing VM operation: Cleanup
Event: 8.723 Executing VM operation: Cleanup done
Event: 9.723 Executing VM operation: Cleanup
Event: 9.723 Executing VM operation: Cleanup done
Event: 26.800 Executing VM operation: Exit

Events (20 events):
Event: 3.107 loading class jdk/internal/reflect/UnsafeQualifiedStaticFieldAccessorImpl done
Event: 3.107 loading class jdk/internal/reflect/UnsafeQualifiedStaticObjectFieldAccessorImpl done
Event: 3.209 loading class java/util/EnumMap$Values
Event: 3.210 loading class java/util/EnumMap$Values done
Event: 3.210 loading class java/util/EnumMap$ValueIterator
Event: 3.210 loading class java/util/EnumMap$EnumMapIterator
Event: 3.210 loading class java/util/EnumMap$EnumMapIterator done
Event: 3.210 loading class java/util/EnumMap$ValueIterator done
Event: 8.579 Thread 0x000001fb359d23d0 Thread exited: 0x000001fb359d23d0
Event: 13.801 Thread 0x000001fb359d1e10 Thread exited: 0x000001fb359d1e10
Event: 18.801 Thread 0x000001fb358ae470 Thread exited: 0x000001fb358ae470
Event: 26.795 loading class jdk/internal/misc/Signal$1
Event: 26.795 loading class jdk/internal/misc/Signal$1 done
Event: 26.796 Thread 0x000001fb3b7f7f50 Thread added: 0x000001fb3b7f7f50
Event: 26.798 Thread 0x000001fb3b7f70e0 Thread added: 0x000001fb3b7f70e0
Event: 26.798 Thread 0x000001fb3b7f4a60 Thread added: 0x000001fb3b7f4a60
Event: 26.798 Thread 0x000001fb3b7f70e0 Thread exited: 0x000001fb3b7f70e0
Event: 26.800 loading class java/util/LinkedList$ListItr
Event: 26.800 Thread 0x000001fb3b7f4a60 Thread exited: 0x000001fb3b7f4a60
Event: 26.800 loading class java/util/LinkedList$ListItr done


Dynamic libraries:
0x00007ff765450000 - 0x00007ff765460000 	C:\Program Files\Java\jdk-17\bin\java.exe
0x00007ffd1b290000 - 0x00007ffd1b4a6000 	C:\WINDOWS\SYSTEM32\ntdll.dll
0x00007ffd1ad00000 - 0x00007ffd1adc4000 	C:\WINDOWS\System32\KERNEL32.DLL
0x00007ffd18940000 - 0x00007ffd18ce7000 	C:\WINDOWS\System32\KERNELBASE.dll
0x00007ffd18820000 - 0x00007ffd18931000 	C:\WINDOWS\System32\ucrtbase.dll
0x00007ffcfe220000 - 0x00007ffcfe23b000 	C:\Program Files\Java\jdk-17\bin\VCRUNTIME140.dll
0x00007ffcfe200000 - 0x00007ffcfe219000 	C:\Program Files\Java\jdk-17\bin\jli.dll
0x00007ffd19c60000 - 0x00007ffd19d12000 	C:\WINDOWS\System32\ADVAPI32.dll
0x00007ffd1a9c0000 - 0x00007ffd1aa67000 	C:\WINDOWS\System32\msvcrt.dll
0x00007ffd1b040000 - 0x00007ffd1b0e8000 	C:\WINDOWS\System32\sechost.dll
0x00007ffd185b0000 - 0x00007ffd185d8000 	C:\WINDOWS\System32\bcrypt.dll
0x00007ffd1a720000 - 0x00007ffd1a835000 	C:\WINDOWS\System32\RPCRT4.dll
0x00007ffd19210000 - 0x00007ffd193be000 	C:\WINDOWS\System32\USER32.dll
0x00007ffd05330000 - 0x00007ffd055c3000 	C:\WINDOWS\WinSxS\amd64_microsoft.windows.common-controls_6595b64144ccf1df_6.0.22621.3235_none_270f74e173860f98\COMCTL32.dll
0x00007ffd18780000 - 0x00007ffd187a6000 	C:\WINDOWS\System32\win32u.dll
0x00007ffd1add0000 - 0x00007ffd1adf9000 	C:\WINDOWS\System32\GDI32.dll
0x00007ffd185e0000 - 0x00007ffd186f9000 	C:\WINDOWS\System32\gdi32full.dll
0x00007ffd10930000 - 0x00007ffd1093a000 	C:\WINDOWS\SYSTEM32\VERSION.dll
0x00007ffd18f20000 - 0x00007ffd18fba000 	C:\WINDOWS\System32\msvcp_win.dll
0x00007ffd193c0000 - 0x00007ffd193f1000 	C:\WINDOWS\System32\IMM32.DLL
0x00007ffd10220000 - 0x00007ffd1022c000 	C:\Program Files\Java\jdk-17\bin\vcruntime140_1.dll
0x00007ffcc63c0000 - 0x00007ffcc644e000 	C:\Program Files\Java\jdk-17\bin\msvcp140.dll
0x00007ffca2300000 - 0x00007ffca2edd000 	C:\Program Files\Java\jdk-17\bin\server\jvm.dll
0x00007ffd1ae00000 - 0x00007ffd1ae08000 	C:\WINDOWS\System32\PSAPI.DLL
0x00007ffd08fc0000 - 0x00007ffd08fc9000 	C:\WINDOWS\SYSTEM32\WSOCK32.dll
0x00007ffd0fde0000 - 0x00007ffd0fe14000 	C:\WINDOWS\SYSTEM32\WINMM.dll
0x00007ffd1a840000 - 0x00007ffd1a8b1000 	C:\WINDOWS\System32\WS2_32.dll
0x00007ffd175b0000 - 0x00007ffd175c8000 	C:\WINDOWS\SYSTEM32\kernel.appcore.dll
0x00007ffceee70000 - 0x00007ffceee7a000 	C:\Program Files\Java\jdk-17\bin\jimage.dll
0x00007ffd0a840000 - 0x00007ffd0aa73000 	C:\WINDOWS\SYSTEM32\DBGHELP.DLL
0x00007ffd19d20000 - 0x00007ffd1a0a8000 	C:\WINDOWS\System32\combase.dll
0x00007ffd1ac20000 - 0x00007ffd1acf7000 	C:\WINDOWS\System32\OLEAUT32.dll
0x00007ffd0a4c0000 - 0x00007ffd0a4f2000 	C:\WINDOWS\SYSTEM32\dbgcore.DLL
0x00007ffd18700000 - 0x00007ffd18779000 	C:\WINDOWS\System32\bcryptPrimitives.dll
0x00007ffd11290000 - 0x00007ffd1129e000 	C:\Program Files\Java\jdk-17\bin\instrument.dll
0x00007ffcdf630000 - 0x00007ffcdf655000 	C:\Program Files\Java\jdk-17\bin\java.dll
0x00007ffcc2be0000 - 0x00007ffcc2cb7000 	C:\Program Files\Java\jdk-17\bin\jsvml.dll
0x00007ffd19400000 - 0x00007ffd19c5c000 	C:\WINDOWS\System32\SHELL32.dll
0x00007ffd164c0000 - 0x00007ffd16db9000 	C:\WINDOWS\SYSTEM32\windows.storage.dll
0x00007ffd16380000 - 0x00007ffd164be000 	C:\WINDOWS\SYSTEM32\wintypes.dll
0x00007ffd1ae60000 - 0x00007ffd1af53000 	C:\WINDOWS\System32\SHCORE.dll
0x00007ffd1af60000 - 0x00007ffd1afbe000 	C:\WINDOWS\System32\shlwapi.dll
0x00007ffd184e0000 - 0x00007ffd18501000 	C:\WINDOWS\SYSTEM32\profapi.dll
0x00007ffcfe1e0000 - 0x00007ffcfe1f9000 	C:\Program Files\Java\jdk-17\bin\net.dll
0x00007ffd10760000 - 0x00007ffd10896000 	C:\WINDOWS\SYSTEM32\WINHTTP.dll
0x00007ffd17a20000 - 0x00007ffd17a89000 	C:\WINDOWS\system32\mswsock.dll
0x00007ffcfa2a0000 - 0x00007ffcfa2b6000 	C:\Program Files\Java\jdk-17\bin\nio.dll
0x00007ffcfa280000 - 0x00007ffcfa298000 	C:\Program Files\Java\jdk-17\bin\zip.dll
0x00007ffd11270000 - 0x00007ffd1128a000 	C:\Program Files\JetBrains\IntelliJ IDEA Community Edition 2023.2.1\bin\breakgen64.dll
0x000001fb11880000 - 0x000001fb11883000 	C:\Users\Frenz R\.openjfx\cache\20.0.1+2\amd64\api-ms-win-core-console-l1-1-0.dll
0x000001fb11890000 - 0x000001fb11893000 	C:\Users\Frenz R\.openjfx\cache\20.0.1+2\amd64\api-ms-win-core-console-l1-2-0.dll
0x000001fb118a0000 - 0x000001fb118a3000 	C:\Users\Frenz R\.openjfx\cache\20.0.1+2\amd64\api-ms-win-core-datetime-l1-1-0.dll
0x000001fb118b0000 - 0x000001fb118b3000 	C:\Users\Frenz R\.openjfx\cache\20.0.1+2\amd64\api-ms-win-core-debug-l1-1-0.dll
0x000001fb118c0000 - 0x000001fb118c3000 	C:\Users\Frenz R\.openjfx\cache\20.0.1+2\amd64\api-ms-win-core-errorhandling-l1-1-0.dll
0x000001fb118d0000 - 0x000001fb118d4000 	C:\Users\Frenz R\.openjfx\cache\20.0.1+2\amd64\api-ms-win-core-file-l1-1-0.dll
0x000001fb34d80000 - 0x000001fb34d83000 	C:\Users\Frenz R\.openjfx\cache\20.0.1+2\amd64\api-ms-win-core-file-l1-2-0.dll
0x000001fb34d90000 - 0x000001fb34d93000 	C:\Users\Frenz R\.openjfx\cache\20.0.1+2\amd64\api-ms-win-core-file-l2-1-0.dll
0x000001fb34da0000 - 0x000001fb34da3000 	C:\Users\Frenz R\.openjfx\cache\20.0.1+2\amd64\api-ms-win-core-handle-l1-1-0.dll
0x000001fb34db0000 - 0x000001fb34db3000 	C:\Users\Frenz R\.openjfx\cache\20.0.1+2\amd64\api-ms-win-core-heap-l1-1-0.dll
0x000001fb34dc0000 - 0x000001fb34dc3000 	C:\Users\Frenz R\.openjfx\cache\20.0.1+2\amd64\api-ms-win-core-interlocked-l1-1-0.dll
0x000001fb34dd0000 - 0x000001fb34dd3000 	C:\Users\Frenz R\.openjfx\cache\20.0.1+2\amd64\api-ms-win-core-libraryloader-l1-1-0.dll
0x000001fb34de0000 - 0x000001fb34de3000 	C:\Users\Frenz R\.openjfx\cache\20.0.1+2\amd64\api-ms-win-core-localization-l1-2-0.dll
0x000001fb34df0000 - 0x000001fb34df3000 	C:\Users\Frenz R\.openjfx\cache\20.0.1+2\amd64\api-ms-win-core-memory-l1-1-0.dll
0x000001fb34e00000 - 0x000001fb34e03000 	C:\Users\Frenz R\.openjfx\cache\20.0.1+2\amd64\api-ms-win-core-namedpipe-l1-1-0.dll
0x000001fb34e10000 - 0x000001fb34e13000 	C:\Users\Frenz R\.openjfx\cache\20.0.1+2\amd64\api-ms-win-core-processenvironment-l1-1-0.dll
0x000001fb34e20000 - 0x000001fb34e23000 	C:\Users\Frenz R\.openjfx\cache\20.0.1+2\amd64\api-ms-win-core-processthreads-l1-1-0.dll
0x000001fb34e30000 - 0x000001fb34e33000 	C:\Users\Frenz R\.openjfx\cache\20.0.1+2\amd64\api-ms-win-core-processthreads-l1-1-1.dll
0x000001fb34e40000 - 0x000001fb34e43000 	C:\Users\Frenz R\.openjfx\cache\20.0.1+2\amd64\api-ms-win-core-profile-l1-1-0.dll
0x000001fb34e50000 - 0x000001fb34e53000 	C:\Users\Frenz R\.openjfx\cache\20.0.1+2\amd64\api-ms-win-core-rtlsupport-l1-1-0.dll
0x000001fb34e60000 - 0x000001fb34e63000 	C:\Users\Frenz R\.openjfx\cache\20.0.1+2\amd64\api-ms-win-core-string-l1-1-0.dll
0x000001fb34e70000 - 0x000001fb34e73000 	C:\Users\Frenz R\.openjfx\cache\20.0.1+2\amd64\api-ms-win-core-synch-l1-1-0.dll
0x000001fb34e80000 - 0x000001fb34e83000 	C:\Users\Frenz R\.openjfx\cache\20.0.1+2\amd64\api-ms-win-core-synch-l1-2-0.dll
0x000001fb34e90000 - 0x000001fb34e93000 	C:\Users\Frenz R\.openjfx\cache\20.0.1+2\amd64\api-ms-win-core-sysinfo-l1-1-0.dll
0x000001fb34ea0000 - 0x000001fb34ea3000 	C:\Users\Frenz R\.openjfx\cache\20.0.1+2\amd64\api-ms-win-core-timezone-l1-1-0.dll
0x000001fb34eb0000 - 0x000001fb34eb3000 	C:\Users\Frenz R\.openjfx\cache\20.0.1+2\amd64\api-ms-win-core-util-l1-1-0.dll
0x000001fb34ec0000 - 0x000001fb34ec3000 	C:\Users\Frenz R\.openjfx\cache\20.0.1+2\amd64\api-ms-win-crt-conio-l1-1-0.dll
0x000001fb34ed0000 - 0x000001fb34ed4000 	C:\Users\Frenz R\.openjfx\cache\20.0.1+2\amd64\api-ms-win-crt-convert-l1-1-0.dll
0x000001fb34ee0000 - 0x000001fb34ee3000 	C:\Users\Frenz R\.openjfx\cache\20.0.1+2\amd64\api-ms-win-crt-environment-l1-1-0.dll
0x000001fb34ef0000 - 0x000001fb34ef3000 	C:\Users\Frenz R\.openjfx\cache\20.0.1+2\amd64\api-ms-win-crt-filesystem-l1-1-0.dll
0x000001fb34f00000 - 0x000001fb34f03000 	C:\Users\Frenz R\.openjfx\cache\20.0.1+2\amd64\api-ms-win-crt-heap-l1-1-0.dll
0x000001fb34f10000 - 0x000001fb34f13000 	C:\Users\Frenz R\.openjfx\cache\20.0.1+2\amd64\api-ms-win-crt-locale-l1-1-0.dll
0x000001fb34f20000 - 0x000001fb34f25000 	C:\Users\Frenz R\.openjfx\cache\20.0.1+2\amd64\api-ms-win-crt-math-l1-1-0.dll
0x000001fb34f30000 - 0x000001fb34f35000 	C:\Users\Frenz R\.openjfx\cache\20.0.1+2\amd64\api-ms-win-crt-multibyte-l1-1-0.dll
0x000001fb34f40000 - 0x000001fb34f50000 	C:\Users\Frenz R\.openjfx\cache\20.0.1+2\amd64\api-ms-win-crt-private-l1-1-0.dll
0x000001fb34f50000 - 0x000001fb34f53000 	C:\Users\Frenz R\.openjfx\cache\20.0.1+2\amd64\api-ms-win-crt-process-l1-1-0.dll
0x000001fb34f60000 - 0x000001fb34f64000 	C:\Users\Frenz R\.openjfx\cache\20.0.1+2\amd64\api-ms-win-crt-runtime-l1-1-0.dll
0x000001fb34f70000 - 0x000001fb34f74000 	C:\Users\Frenz R\.openjfx\cache\20.0.1+2\amd64\api-ms-win-crt-stdio-l1-1-0.dll
0x000001fb34f80000 - 0x000001fb34f84000 	C:\Users\Frenz R\.openjfx\cache\20.0.1+2\amd64\api-ms-win-crt-string-l1-1-0.dll
0x000001fb34f90000 - 0x000001fb34f93000 	C:\Users\Frenz R\.openjfx\cache\20.0.1+2\amd64\api-ms-win-crt-time-l1-1-0.dll
0x000001fb34fa0000 - 0x000001fb34fa3000 	C:\Users\Frenz R\.openjfx\cache\20.0.1+2\amd64\api-ms-win-crt-utility-l1-1-0.dll
0x00007ffcfa8a0000 - 0x00007ffcfa99c000 	C:\Users\Frenz R\.openjfx\cache\20.0.1+2\amd64\ucrtbase.dll
0x00007ffd0eed0000 - 0x00007ffd0eeeb000 	C:\Users\Frenz R\.openjfx\cache\20.0.1+2\amd64\vcruntime140.dll
0x00007ffd10090000 - 0x00007ffd1009c000 	C:\Users\Frenz R\.openjfx\cache\20.0.1+2\amd64\vcruntime140_1.dll
0x00007ffd0ecd0000 - 0x00007ffd0ed5e000 	C:\Users\Frenz R\.openjfx\cache\20.0.1+2\amd64\msvcp140.dll
0x00007ffd0f820000 - 0x00007ffd0f829000 	C:\Users\Frenz R\.openjfx\cache\20.0.1+2\amd64\msvcp140_1.dll
0x00007ffd07180000 - 0x00007ffd071b0000 	C:\Users\Frenz R\.openjfx\cache\20.0.1+2\amd64\msvcp140_2.dll
0x00007ffd07150000 - 0x00007ffd0717f000 	C:\Users\Frenz R\.openjfx\cache\20.0.1+2\amd64\prism_d3d.dll
0x00007ffd08d20000 - 0x00007ffd08ec9000 	C:\WINDOWS\system32\d3d9.dll
0x00007ffd15d30000 - 0x00007ffd15d5b000 	C:\WINDOWS\SYSTEM32\dwmapi.dll
0x00007ffd15be0000 - 0x00007ffd15c19000 	C:\WINDOWS\SYSTEM32\dxcore.dll
0x00007ffd15ae0000 - 0x00007ffd15b8b000 	C:\WINDOWS\system32\uxtheme.dll
0x00007ffd0e090000 - 0x00007ffd0e26b000 	C:\WINDOWS\System32\DriverStore\FileRepository\u0371182.inf_amd64_e046f8d87ec91fad\B371034\aticfx64.dll
0x00007ffca9810000 - 0x00007ffca9843000 	C:\WINDOWS\System32\DriverStore\FileRepository\u0371182.inf_amd64_e046f8d87ec91fad\B371034\atiu9p64.dll
0x00007ffca5da0000 - 0x00007ffca6aac000 	C:\WINDOWS\System32\DriverStore\FileRepository\u0371182.inf_amd64_e046f8d87ec91fad\B371034\atiumd64.dll
0x00007ffd1a550000 - 0x00007ffd1a6f5000 	C:\WINDOWS\System32\ole32.dll
0x0000000069280000 - 0x000000006a13e000 	C:\WINDOWS\System32\DriverStore\FileRepository\u0371182.inf_amd64_e046f8d87ec91fad\B371034\atiumd6a.dll
0x00007ffd182d0000 - 0x00007ffd1831d000 	C:\WINDOWS\SYSTEM32\POWRPROF.dll
0x00007ffd18200000 - 0x00007ffd18213000 	C:\WINDOWS\SYSTEM32\UMPDC.dll
0x00007ffd0c070000 - 0x00007ffd0c09f000 	C:\WINDOWS\SYSTEM32\amdihk64.dll
0x00007ffd130d0000 - 0x00007ffd1311a000 	C:\WINDOWS\SYSTEM32\directxdatabasehelper.dll
0x00007ffd05b70000 - 0x00007ffd05bb2000 	C:\Users\Frenz R\.openjfx\cache\20.0.1+2\amd64\glass.dll
0x00007ffd1ab20000 - 0x00007ffd1ac19000 	C:\WINDOWS\System32\COMDLG32.dll
0x00007ffd1b0f0000 - 0x00007ffd1b243000 	C:\WINDOWS\System32\MSCTF.dll
0x00007ffd17090000 - 0x00007ffd17189000 	C:\WINDOWS\SYSTEM32\DNSAPI.dll
0x00007ffd17020000 - 0x00007ffd1704d000 	C:\WINDOWS\SYSTEM32\IPHLPAPI.DLL
0x00007ffd1a920000 - 0x00007ffd1a929000 	C:\WINDOWS\System32\NSI.dll
0x00007ffd106e0000 - 0x00007ffd106ea000 	C:\Windows\System32\rasadhlp.dll
0x00007ffd0e3d0000 - 0x00007ffd0e453000 	C:\WINDOWS\System32\fwpuclnt.dll
0x00007ffd07130000 - 0x00007ffd07144000 	C:\Users\Frenz R\.openjfx\cache\20.0.1+2\amd64\javafx_font.dll
0x00007ffd143d0000 - 0x00007ffd14644000 	C:\WINDOWS\SYSTEM32\dwrite.dll
0x00007ffd1aa70000 - 0x00007ffd1ab20000 	C:\WINDOWS\System32\clbcatq.dll
0x00007ffd14170000 - 0x00007ffd14320000 	C:\WINDOWS\SYSTEM32\WindowsCodecs.dll
0x00007ffd005c0000 - 0x00007ffd0061e000 	C:\WINDOWS\system32\dataexchange.dll
0x00007ffd0f020000 - 0x00007ffd0f2ae000 	C:\WINDOWS\system32\twinapi.appcore.dll
0x00007ffcfe7b0000 - 0x00007ffcfe7e2000 	C:\Program Files\Common Files\Microsoft Shared\Ink\rtscom.dll
0x00007ffd0f2b0000 - 0x00007ffd0f3fa000 	C:\WINDOWS\SYSTEM32\textinputframework.dll
0x00007ffd15510000 - 0x00007ffd15644000 	C:\WINDOWS\SYSTEM32\CoreMessaging.dll
0x00007ffd12280000 - 0x00007ffd125ec000 	C:\WINDOWS\SYSTEM32\CoreUIComponents.dll

dbghelp: loaded successfully - version: 4.0.5 - missing functions: none
symbol engine: initialized successfully - sym options: 0x614 - pdb path: .;C:\Program Files\Java\jdk-17\bin;C:\WINDOWS\SYSTEM32;C:\WINDOWS\WinSxS\amd64_microsoft.windows.common-controls_6595b64144ccf1df_6.0.22621.3235_none_270f74e173860f98;C:\Program Files\Java\jdk-17\bin\server;C:\Program Files\JetBrains\IntelliJ IDEA Community Edition 2023.2.1\bin;C:\Users\Frenz R\.openjfx\cache\20.0.1+2\amd64;C:\WINDOWS\System32\DriverStore\FileRepository\u0371182.inf_amd64_e046f8d87ec91fad\B371034;C:\Program Files\Common Files\Microsoft Shared\Ink

VM Arguments:
jvm_args: -javaagent:C:\Program Files\JetBrains\IntelliJ IDEA Community Edition 2023.2.1\lib\idea_rt.jar=60357:C:\Program Files\JetBrains\IntelliJ IDEA Community Edition 2023.2.1\bin -Dfile.encoding=UTF-8 --module-path=C:\Users\Frenz R\.m2\repository\com\mysql\mysql-connector-j\8.3.0\mysql-connector-j-8.3.0.jar;C:\Users\Frenz R\.m2\repository\org\openjfx\javafx-controls\17.0.6\javafx-controls-17.0.6-win.jar;C:\Users\Frenz R\.m2\repository\org\openjfx\javafx-graphics\20.0.1\javafx-graphics-20.0.1-win.jar;C:\Users\Frenz R\IdeaProjects\RC_Chat\target\classes;C:\Users\Frenz R\.m2\repository\org\openjfx\javafx-fxml\17.0.6\javafx-fxml-17.0.6-win.jar;C:\Users\Frenz R\.m2\repository\org\openjfx\javafx-base\20.0.1\javafx-base-20.0.1-win.jar -Djdk.module.main=com.example.rc_chat 
java_command: com.example.rc_chat/com.example.rc_chat.RC_Chat
java_class_path (initial): C:\Users\Frenz R\.m2\repository\org\openjfx\javafx-controls\17.0.6\javafx-controls-17.0.6.jar;C:\Users\Frenz R\.m2\repository\org\openjfx\javafx-fxml\17.0.6\javafx-fxml-17.0.6.jar;C:\Users\Frenz R\.m2\repository\org\openjfx\javafx-graphics\20.0.1\javafx-graphics-20.0.1.jar;C:\Users\Frenz R\.m2\repository\org\openjfx\javafx-base\20.0.1\javafx-base-20.0.1.jar;C:\Users\Frenz R\.m2\repository\com\google\protobuf\protobuf-java\3.25.1\protobuf-java-3.25.1.jar
Launcher Type: SUN_STANDARD

[Global flags]
     intx CICompilerCount                          = 12                                        {product} {ergonomic}
     uint ConcGCThreads                            = 3                                         {product} {ergonomic}
     uint G1ConcRefinementThreads                  = 13                                        {product} {ergonomic}
   size_t G1HeapRegionSize                         = 2097152                                   {product} {ergonomic}
    uintx GCDrainStackTargetSize                   = 64                                        {product} {ergonomic}
   size_t InitialHeapSize                          = 257949696                                 {product} {ergonomic}
   size_t MarkStackSize                            = 4194304                                   {product} {ergonomic}
   size_t MaxHeapSize                              = 4118806528                                {product} {ergonomic}
   size_t MaxNewSize                               = 2470445056                                {product} {ergonomic}
   size_t MinHeapDeltaBytes                        = 2097152                                   {product} {ergonomic}
   size_t MinHeapSize                              = 8388608                                   {product} {ergonomic}
    uintx NonNMethodCodeHeapSize                   = 7602480                                {pd product} {ergonomic}
    uintx NonProfiledCodeHeapSize                  = 122027880                              {pd product} {ergonomic}
    uintx ProfiledCodeHeapSize                     = 122027880                              {pd product} {ergonomic}
    uintx ReservedCodeCacheSize                    = 251658240                              {pd product} {ergonomic}
     bool SegmentedCodeCache                       = true                                      {product} {ergonomic}
   size_t SoftMaxHeapSize                          = 4118806528                             {manageable} {ergonomic}
     bool UseCompressedClassPointers               = true                           {product lp64_product} {ergonomic}
     bool UseCompressedOops                        = true                           {product lp64_product} {ergonomic}
     bool UseG1GC                                  = true                                      {product} {ergonomic}
     bool UseLargePagesIndividualAllocation        = false                                  {pd product} {ergonomic}

Logging:
Log output configuration:
 #0: stdout all=off uptime,level,tags
 #1: stderr all=off uptime,level,tags

Environment Variables:
JAVA_HOME=C:\Program Files (x86)\Java\jdk1.8.0_77
PATH=C:\Program Files\Common Files\Oracle\Java\javapath;C:\ProgramData\Oracle\Java\javapath;C:\Windows\system32;C:\Windows;C:\Windows\System32\Wbem;C:\Windows\System32\WindowsPowerShell\v1.0\;C:\Windows\System32\OpenSSH\;C:\Program Files (x86)\NVIDIA Corporation\PhysX\Common;C:\Program Files\NVIDIA Corporation\NVIDIA NvDLISR;C:\WINDOWS\system32;C:\WINDOWS;C:\WINDOWS\System32\Wbem;C:\WINDOWS\System32\WindowsPowerShell\v1.0\;C:\WINDOWS\System32\OpenSSH\;C:\Program Files\Git\cmd;C:\Users\Frenz R\AppData\Roaming\nvm;C:\Program Files\nodejs;C:\Program Files\WindowsPowerShell\Scripts;C:\Program Files\playit_gg\bin\;C:\Users\Frenz R\AppData\Local\Microsoft\WindowsApps;C:\Users\Frenz R\AppData\Local\Programs\Microsoft VS Code\bin;C:\Program Files\JetBrains\IntelliJ IDEA Community Edition 2023.2.1\bin;;C:\Users\Frenz R\AppData\Local\GitHubDesktop\bin;C:\Users\Frenz R\AppData\Roaming\nvm;C:\Program Files\nodejs;C:\AndroidStudio\platform-tools\;
USERNAME=Frenz R
OS=Windows_NT
PROCESSOR_IDENTIFIER=AMD64 Family 23 Model 104 Stepping 1, AuthenticAMD



---------------  S Y S T E M  ---------------

OS:
 Windows 11 , 64 bit Build 22621 (10.0.22621.3374)
OS uptime: 29 days 6:27 hours
Hyper-V role detected

CPU: total 16 (initial active 16) (16 cores per cpu, 2 threads per core) family 23 model 104 stepping 1 microcode 0x0, cx8, cmov, fxsr, ht, mmx, 3dnowpref, sse, sse2, sse3, ssse3, sse4a, sse4.1, sse4.2, popcnt, lzcnt, tsc, tscinvbit, avx, avx2, aes, clmul, bmi1, bmi2, adx, sha, fma, vzeroupper, clflush, clflushopt, hv

Memory: 4k page, system-wide physical 15706M (4000M free)
TotalPageFile size 21338M (AvailPageFile size 4005M)
current process WorkingSet (physical memory assigned to process): 136M, peak: 157M
current process commit charge ("private bytes"): 413M, peak: 435M

vm_info: Java HotSpot(TM) 64-Bit Server VM (17.0.7+8-LTS-224) for windows-amd64 JRE (17.0.7+8-LTS-224), built on Feb 28 2023 23:03:02 by "mach5one" with MS VC++ 17.1 (VS2022)

END.
